<?xml version="1.0" encoding="UTF-8"?>
<!-- Generated by org.testng.reporters.JUnitReportReporter -->
<testsuite skipped="0" hostname="Navdeep-Laptop" name="TestNG.ParemeterizeDemo" tests="1" failures="0" timestamp="2020-09-19T17:11:52 IST" time="0.014" errors="0">
  <testcase name="Login" time="0.014" classname="TestNG.ParemeterizeDemo"/>
  <system-out/>
</testsuite> <!-- TestNG.ParemeterizeDemo -->
