<?xml version="1.0" encoding="UTF-8"?>
<!-- Generated by org.testng.reporters.JUnitReportReporter -->
<testsuite skipped="0" hostname="Navdeep-Laptop" name="TestNG.DataProviderDemo" tests="3" failures="0" timestamp="2020-09-19T17:27:13 IST" time="0.016" errors="0">
  <testcase name="Login" time="0.012" classname="TestNG.DataProviderDemo"/>
  <system-out/>
  <testcase name="Login" time="0.002" classname="TestNG.DataProviderDemo"/>
  <system-out/>
  <testcase name="Login" time="0.002" classname="TestNG.DataProviderDemo"/>
  <system-out/>
</testsuite> <!-- TestNG.DataProviderDemo -->
