<?xml version="1.0" encoding="UTF-8"?>
<!-- Generated by org.testng.reporters.JUnitReportReporter -->
<testsuite skipped="0" hostname="Navdeep-Laptop" name="TestNG.FirstDemo" tests="3" failures="0" timestamp="2020-09-26T16:59:28 IST" time="0.052" errors="0">
  <testcase name="Login" time="0.022" classname="TestNG.FirstDemo"/>
  <system-out/>
  <testcase name="Log" time="0.026" classname="TestNG.FirstDemo"/>
  <system-out/>
  <testcase name="input" time="0.004" classname="TestNG.FirstDemo"/>
  <system-out/>
</testsuite> <!-- TestNG.FirstDemo -->
