<?xml version="1.0" encoding="UTF-8"?>
<!-- Generated by org.testng.reporters.JUnitReportReporter -->
<testsuite skipped="0" hostname="Navdeep-Laptop" name="TestNG.LoginTest" tests="1" failures="0" timestamp="2020-09-26T17:29:46 IST" time="7.060" errors="0">
  <testcase name="Login" time="7.060" classname="TestNG.LoginTest"/>
  <system-out/>
</testsuite> <!-- TestNG.LoginTest -->
