<?xml version="1.0" encoding="UTF-8"?>
<!-- Generated by org.testng.reporters.JUnitReportReporter -->
<testsuite skipped="0" hostname="Navdeep-Laptop" name="TestNG.ParallelClassTest1" tests="2" failures="0" timestamp="2020-10-04T16:37:48 IST" time="0.030" errors="0">
  <testcase name="test1" time="0.027" classname="TestNG.ParallelClassTest1"/>
  <system-out/>
  <testcase name="test2" time="0.003" classname="TestNG.ParallelClassTest1"/>
  <system-out/>
</testsuite> <!-- TestNG.ParallelClassTest1 -->
