<?xml version="1.0" encoding="UTF-8"?>
<!-- Generated by org.testng.reporters.JUnitReportReporter -->
<testsuite skipped="0" hostname="Navdeep-Laptop" name="TestNG.DashBoardTest" tests="1" failures="0" timestamp="2020-09-26T17:29:46 IST" time="2.077" errors="0">
  <testcase name="Logout" time="2.077" classname="TestNG.DashBoardTest"/>
  <system-out/>
</testsuite> <!-- TestNG.DashBoardTest -->
