<?xml version="1.0" encoding="UTF-8"?>
<!-- Generated by org.testng.reporters.JUnitReportReporter -->
<testsuite skipped="0" hostname="Navdeep-Laptop" name="TestNG.PrioritizeDemo" tests="3" failures="0" timestamp="2020-09-26T17:32:23 IST" time="0.065" errors="0">
  <testcase name="Login" time="0.038" classname="TestNG.PrioritizeDemo"/>
  <system-out/>
  <testcase name="Checkout" time="0.025" classname="TestNG.PrioritizeDemo"/>
  <system-out/>
  <testcase name="Logout" time="0.002" classname="TestNG.PrioritizeDemo"/>
  <system-out/>
</testsuite> <!-- TestNG.PrioritizeDemo -->
